<?xml version="1.0" encoding="UTF-8"?>
<!-- Generated by org.testng.reporters.JUnitReportReporter -->
<testsuite hostname="EC2AMAZ-S11DBRH" failures="0" tests="3" name="TestNgTesting.CheckbocTest" time="1.222" errors="0" timestamp="2024-03-14T10:11:58 GMT" skipped="0">
  <testcase classname="TestNgTesting.CheckbocTest" name="testcase3" time="0.078"/>
  <testcase classname="TestNgTesting.CheckbocTest" name="testcase1" time="1.014"/>
  <testcase classname="TestNgTesting.CheckbocTest" name="testcase2" time="0.130"/>
</testsuite> <!-- TestNgTesting.CheckbocTest -->
