<?xml version="1.0" encoding="UTF-8"?>
<!-- Generated by org.testng.reporters.JUnitReportReporter -->
<testsuite hostname="EC2AMAZ-S11DBRH" failures="0" tests="3" name="TestNgTesting.OrderDependOn" time="0.025" errors="0" timestamp="2024-03-15T11:48:48 GMT" skipped="0">
  <testcase classname="TestNgTesting.OrderDependOn" name="logout" time="0.003"/>
  <testcase classname="TestNgTesting.OrderDependOn" name="SignIn" time="0.003"/>
  <testcase classname="TestNgTesting.OrderDependOn" name="OpenBrowser" time="0.019"/>
</testsuite> <!-- TestNgTesting.OrderDependOn -->
