<?xml version="1.0" encoding="UTF-8"?>
<!-- Generated by org.testng.reporters.JUnitReportReporter -->
<testsuite hostname="EC2AMAZ-S11DBRH" failures="0" tests="1" name="TestNgTesting.ReadFileTest" time="0.018" errors="0" timestamp="2024-03-18T10:43:23 GMT" skipped="0">
  <testcase classname="TestNgTesting.ReadFileTest" name="testcase1" time="0.018"/>
</testsuite> <!-- TestNgTesting.ReadFileTest -->
