<?xml version="1.0" encoding="UTF-8"?>
<!-- Generated by org.testng.reporters.JUnitReportReporter -->
<testsuite hostname="EC2AMAZ-S11DBRH" failures="0" tests="3" name="TestNgTesting.CheckbocTest" time="1.167" errors="0" timestamp="2024-03-21T11:22:57 GMT" skipped="0">
  <testcase classname="TestNgTesting.CheckbocTest" name="testcase1" time="0.938"/>
  <testcase classname="TestNgTesting.CheckbocTest" name="testcase2" time="0.149"/>
  <testcase classname="TestNgTesting.CheckbocTest" name="testcase3" time="0.080"/>
</testsuite> <!-- TestNgTesting.CheckbocTest -->
