<?xml version="1.0" encoding="UTF-8"?>
<!-- Generated by org.testng.reporters.JUnitReportReporter -->
<testsuite hostname="EC2AMAZ-S11DBRH" failures="0" tests="2" name="TestNgTesting.CsvFileTest" time="0.014" errors="0" timestamp="2024-03-21T12:12:53 GMT" skipped="0">
  <testcase classname="TestNgTesting.CsvFileTest" name="testcase1" time="0.004"/>
  <testcase classname="TestNgTesting.CsvFileTest" name="testcase1" time="0.010"/>
</testsuite> <!-- TestNgTesting.CsvFileTest -->
