<?xml version="1.0" encoding="UTF-8"?>
<!-- Generated by org.testng.reporters.JUnitReportReporter -->
<testsuite hostname="EC2AMAZ-S11DBRH" failures="0" tests="3" name="TestNgTesting.ExcelFileTest" time="0.021" errors="0" timestamp="2024-03-21T12:14:03 GMT" skipped="0">
  <testcase classname="TestNgTesting.ExcelFileTest" name="verifydata" time="0.005"/>
  <testcase classname="TestNgTesting.ExcelFileTest" name="verifydata" time="0.002"/>
  <testcase classname="TestNgTesting.ExcelFileTest" name="verifydata" time="0.014"/>
</testsuite> <!-- TestNgTesting.ExcelFileTest -->
