<?xml version="1.0" encoding="UTF-8"?>
<!-- Generated by org.testng.reporters.JUnitReportReporter -->
<testsuite hostname="EC2AMAZ-S11DBRH" failures="0" tests="2" name="TestNgTesting.GoogleSearchPageTest" time="3.617" errors="0" timestamp="2024-03-21T15:29:01 GMT" skipped="0">
  <testcase classname="TestNgTesting.GoogleSearchPageTest" name="Testcase1" time="2.279"/>
  <testcase classname="TestNgTesting.GoogleSearchPageTest" name="Testcase1" time="1.338"/>
</testsuite> <!-- TestNgTesting.GoogleSearchPageTest -->
