<?xml version="1.0" encoding="UTF-8"?>
<!-- Generated by org.testng.reporters.JUnitReportReporter -->
<testsuite hostname="EC2AMAZ-S11DBRH" failures="0" tests="3" name="TestNgTesting.CheckbocTest" time="0.934" errors="0" timestamp="2024-03-14T14:24:27 GMT" skipped="0">
  <testcase classname="TestNgTesting.CheckbocTest" name="testcase2" time="0.119"/>
  <testcase classname="TestNgTesting.CheckbocTest" name="testcase1" time="0.741"/>
  <testcase classname="TestNgTesting.CheckbocTest" name="testcase3" time="0.074"/>
</testsuite> <!-- TestNgTesting.CheckbocTest -->
