<?xml version="1.0" encoding="UTF-8"?>
<!-- Generated by org.testng.reporters.JUnitReportReporter -->
<testsuite hostname="EC2AMAZ-S11DBRH" failures="0" tests="1" name="TestNgTesting.SampleTest" time="0.015" errors="0" timestamp="2024-03-14T09:51:05 GMT" skipped="0">
  <testcase classname="TestNgTesting.SampleTest" name="testcase" time="0.015"/>
</testsuite> <!-- TestNgTesting.SampleTest -->
